[0420/053016.111:ERROR:os_crypt_win.cc(92)] Failed to decrypt: Key not valid for use in specified state. (0x8009000B)
[0420/055135.080:ERROR:os_crypt_win.cc(92)] Failed to decrypt: Key not valid for use in specified state. (0x8009000B)
[0420/062614.918:WARNING:dns_config_service_win.cc(700)] Failed to read DnsConfig.
[0420/062614.927:WARNING:dns_config_service_win.cc(700)] Failed to read DnsConfig.
[0420/064937.986:WARNING:dns_config_service_win.cc(700)] Failed to read DnsConfig.
[0420/064938.002:WARNING:dns_config_service_win.cc(700)] Failed to read DnsConfig.
[0420/071936.515:ERROR:batching_media_log.cc(38)] MediaEvent: {"error":"FFmpegDemuxer: no supported streams"}
[0420/071936.516:ERROR:batching_media_log.cc(38)] MediaEvent: {"error":"FFmpegDemuxer: no supported streams"}
[0420/071936.550:ERROR:batching_media_log.cc(35)] MediaEvent: {"pipeline_error":14}
[0420/071936.550:ERROR:batching_media_log.cc(35)] MediaEvent: {"pipeline_error":14}
[0420/073908.280:ERROR:os_crypt_win.cc(92)] Failed to decrypt: Key not valid for use in specified state. (0x8009000B)
[0420/075451.518:WARNING:value_store_frontend.cc(44)] Reading mhjfbmdgcfjbbpaeojofohoefgiehjai.alarms from  failed: IO error: .../MANIFEST-000001: Unable to create sequential file (ChromeMethodBFE: 7::NewSequentialFile::1)
[0420/075702.546:ERROR:leveldb_factory.cc(90)] Failed to open LevelDB database from C:/Users/Aniket/Documents/Unreal Projects/Web_Art/Saved/webcache_4147\IndexedDB\https_www.youtube-nocookie.com_0.indexeddb.leveldb,IO error: C:/Users/Aniket/Documents/Unreal Projects/Web_Art/Saved/webcache_4147\IndexedDB\https_www.youtube-nocookie.com_0.indexeddb.leveldb/MANIFEST-000001: Unable to create sequential file (ChromeMethodBFE: 7::NewSequentialFile::1)
[0420/075702.550:ERROR:leveldb_factory.cc(90)] Failed to open LevelDB database from C:/Users/Aniket/Documents/Unreal Projects/Web_Art/Saved/webcache_4147\IndexedDB\https_www.youtube-nocookie.com_0.indexeddb.leveldb,IO error: C:/Users/Aniket/Documents/Unreal Projects/Web_Art/Saved/webcache_4147\IndexedDB\https_www.youtube-nocookie.com_0.indexeddb.leveldb/MANIFEST-000001: Unable to create sequential file (ChromeMethodBFE: 7::NewSequentialFile::1)
[0420/075703.399:ERROR:batching_media_log.cc(38)] MediaEvent: {"error":"FFmpegDemuxer: no supported streams"}
[0420/075703.399:ERROR:batching_media_log.cc(38)] MediaEvent: {"error":"FFmpegDemuxer: no supported streams"}
[0420/075703.399:ERROR:batching_media_log.cc(35)] MediaEvent: {"pipeline_error":14}
[0420/075703.399:ERROR:batching_media_log.cc(35)] MediaEvent: {"pipeline_error":14}
[0420/075703.630:ERROR:leveldb_factory.cc(90)] Failed to open LevelDB database from C:/Users/Aniket/Documents/Unreal Projects/Web_Art/Saved/webcache_4147\IndexedDB\https_www.youtube-nocookie.com_0.indexeddb.leveldb,IO error: C:/Users/Aniket/Documents/Unreal Projects/Web_Art/Saved/webcache_4147\IndexedDB\https_www.youtube-nocookie.com_0.indexeddb.leveldb/MANIFEST-000001: Unable to create sequential file (ChromeMethodBFE: 7::NewSequentialFile::1)
[0420/075703.632:ERROR:leveldb_factory.cc(90)] Failed to open LevelDB database from C:/Users/Aniket/Documents/Unreal Projects/Web_Art/Saved/webcache_4147\IndexedDB\https_www.youtube-nocookie.com_0.indexeddb.leveldb,IO error: C:/Users/Aniket/Documents/Unreal Projects/Web_Art/Saved/webcache_4147\IndexedDB\https_www.youtube-nocookie.com_0.indexeddb.leveldb/MANIFEST-000001: Unable to create sequential file (ChromeMethodBFE: 7::NewSequentialFile::1)
